{"C:\\Users\\ShihnazN\\Desktop\\unitTesting\\add.js": {"path":"C:\\Users\\ShihnazN\\Desktop\\unitTesting\\add.js","statementMap":{"0":{"start":{"line":5,"column":4},"end":{"line":5,"column":40}},"1":{"start":{"line":5,"column":31},"end":{"line":5,"column":36}},"2":{"start":{"line":7,"column":0},"end":{"line":7,"column":19}}},"fnMap":{"0":{"name":"add","decl":{"start":{"line":4,"column":9},"end":{"line":4,"column":12}},"loc":{"start":{"line":4,"column":20},"end":{"line":6,"column":1}},"line":4},"1":{"name":"(anonymous_1)","decl":{"start":{"line":5,"column":22},"end":{"line":5,"column":23}},"loc":{"start":{"line":5,"column":31},"end":{"line":5,"column":36}},"line":5}},"branchMap":{},"s":{"0":2,"1":5,"2":1},"f":{"0":2,"1":5},"b":{},"_coverageSchema":"1a1c01bbd47fc00a2c39e90264f33305004495a9","hash":"57a5333941b1ecb9f0753c9377f416323abcb415"}
,"C:\\Users\\ShihnazN\\Desktop\\unitTesting\\simple.js": {"path":"C:\\Users\\ShihnazN\\Desktop\\unitTesting\\simple.js","statementMap":{"0":{"start":{"line":2,"column":3},"end":{"line":2,"column":19}},"1":{"start":{"line":5,"column":0},"end":{"line":5,"column":21}}},"fnMap":{"0":{"name":"hello","decl":{"start":{"line":1,"column":9},"end":{"line":1,"column":14}},"loc":{"start":{"line":1,"column":16},"end":{"line":4,"column":1}},"line":1}},"branchMap":{},"s":{"0":1,"1":1},"f":{"0":1},"b":{},"_coverageSchema":"1a1c01bbd47fc00a2c39e90264f33305004495a9","hash":"bad3e2ff74df701e6f6dadb46a4141fa5dbfbb4a"}
}
